app/build/outputs/logs/manifest-merger-debug-report.txt
-- Merging decision tree log ---
manifest
ADDED from src\main\AndroidManifest.xml:2:1-122:12
	package
		ADDED from src\main\AndroidManifest.xml:3:5-37
		INJECTED from src\main\AndroidManifest.xml
		INJECTED from src\main\AndroidManifest.xml
	android:versionName
		ADDED from src\main\AndroidManifest.xml:5:5-30
		INJECTED from src\main\AndroidManifest.xml
		INJECTED from src\main\AndroidManifest.xml
	android:versionCode
		ADDED from src\main\AndroidManifest.xml:4:5-28
		INJECTED from src\main\AndroidManifest.xml
		INJECTED from src\main\AndroidManifest.xml
	xmlns:android
		ADDED from src\main\AndroidManifest.xml:2:11-69
instrumentation
ADDED from src\main\AndroidManifest.xml:7:5-9:58
	android:targetPackage
		ADDED from src\main\AndroidManifest.xml:9:9-55
	android:name
		ADDED from src\main\AndroidManifest.xml:8:9-62
uses-sdk
ADDED from src\main\AndroidManifest.xml:12:5-14:41
MERGED from [com.android.support:support-v4:23.4.0] AndroidManifest.xml:20:5-43
	android:targetSdkVersion
		ADDED from src\main\AndroidManifest.xml:14:9-38
		INJECTED from src\main\AndroidManifest.xml
		INJECTED from src\main\AndroidManifest.xml
	android:minSdkVersion
		ADDED from src\main\AndroidManifest.xml:13:9-35
		INJECTED from src\main\AndroidManifest.xml
		INJECTED from src\main\AndroidManifest.xml
uses-permission#android.permission.INTERNET
ADDED from src\main\AndroidManifest.xml:17:5-67
	android:name
		ADDED from src\main\AndroidManifest.xml:17:22-64
uses-permission#android.permission.ACCESS_NETWORK_STATE
ADDED from src\main\AndroidManifest.xml:18:5-79
	android:name
		ADDED from src\main\AndroidManifest.xml:18:22-76
uses-permission#android.permission.ACCESS_WIFI_STATE
ADDED from src\main\AndroidManifest.xml:19:5-76
	android:name
		ADDED from src\main\AndroidManifest.xml:19:22-73
uses-permission#android.permission.READ_PHONE_STATE
ADDED from src\main\AndroidManifest.xml:20:5-75
	android:name
		ADDED from src\main\AndroidManifest.xml:20:22-72
uses-permission#android.permission.WRITE_SETTINGS
ADDED from src\main\AndroidManifest.xml:21:5-73
	android:name
		ADDED from src\main\AndroidManifest.xml:21:22-70
uses-permission#android.permission.WRITE_EXTERNAL_STORAGE
ADDED from src\main\AndroidManifest.xml:22:5-81
	android:name
		ADDED from src\main\AndroidManifest.xml:22:22-78
uses-permission#android.permission.ACCESS_FINE_LOCATION
ADDED from src\main\AndroidManifest.xml:23:5-79
	android:name
		ADDED from src\main\AndroidManifest.xml:23:22-76
uses-permission#android.permission.GET_TASKS
ADDED from src\main\AndroidManifest.xml:24:5-68
	android:name
		ADDED from src\main\AndroidManifest.xml:24:22-65
uses-permission#android.permission.BLUETOOTH
ADDED from src\main\AndroidManifest.xml:25:5-68
	android:name
		ADDED from src\main\AndroidManifest.xml:25:22-65
uses-permission#android.permission.READ_EXTERNAL_STORAGE
ADDED from src\main\AndroidManifest.xml:26:5-80
	android:name
		ADDED from src\main\AndroidManifest.xml:26:22-77
uses-permission#android.permission.MOUNT_UNMOUNT_FILESYSTEMS
ADDED from src\main\AndroidManifest.xml:27:5-84
	android:name
		ADDED from src\main\AndroidManifest.xml:27:22-81
application
ADDED from src\main\AndroidManifest.xml:33:5-120:19
MERGED from [com.android.support:support-v4:23.4.0] AndroidManifest.xml:22:5-20
	android:label
		ADDED from src\main\AndroidManifest.xml:37:9-41
	android:allowBackup
		ADDED from src\main\AndroidManifest.xml:35:9-36
	android:icon
		ADDED from src\main\AndroidManifest.xml:36:9-38
	android:name
		ADDED from src\main\AndroidManifest.xml:34:9-60
uses-library#android.test.runner
ADDED from src\main\AndroidManifest.xml:38:9-60
	android:name
		ADDED from src\main\AndroidManifest.xml:38:23-57
meta-data#BaiduMobAd_STAT_ID
ADDED from src\main\AndroidManifest.xml:41:9-43:42
	android:value
		ADDED from src\main\AndroidManifest.xml:43:13-39
	android:name
		ADDED from src\main\AndroidManifest.xml:42:13-46
meta-data#BaiduMobAd_CHANNEL
ADDED from src\main\AndroidManifest.xml:45:9-47:44
	android:value
		ADDED from src\main\AndroidManifest.xml:47:13-41
	android:name
		ADDED from src\main\AndroidManifest.xml:46:13-46
meta-data#BaiduMobAd_EXCEPTION_LOG
ADDED from src\main\AndroidManifest.xml:50:9-52:36
	android:value
		ADDED from src\main\AndroidManifest.xml:52:13-33
	android:name
		ADDED from src\main\AndroidManifest.xml:51:13-52
meta-data#BaiduMobAd_SEND_STRATEGY
ADDED from src\main\AndroidManifest.xml:54:9-56:41
	android:value
		ADDED from src\main\AndroidManifest.xml:56:13-38
	android:name
		ADDED from src\main\AndroidManifest.xml:55:13-52
meta-data#BaiduMobAd_ONLY_WIFI
ADDED from src\main\AndroidManifest.xml:60:9-62:37
	android:value
		ADDED from src\main\AndroidManifest.xml:62:13-34
	android:name
		ADDED from src\main\AndroidManifest.xml:61:13-48
meta-data#BaiduMobAd_CELL_LOCATION
ADDED from src\main\AndroidManifest.xml:64:9-66:36
	android:value
		ADDED from src\main\AndroidManifest.xml:66:13-33
	android:name
		ADDED from src\main\AndroidManifest.xml:65:13-52
meta-data#BaiduMobAd_GPS_LOCATION
ADDED from src\main\AndroidManifest.xml:68:9-70:36
	android:value
		ADDED from src\main\AndroidManifest.xml:70:13-33
	android:name
		ADDED from src\main\AndroidManifest.xml:69:13-51
meta-data#BaiduMobAd_WIFI_LOCATION
ADDED from src\main\AndroidManifest.xml:72:9-74:36
	android:value
		ADDED from src\main\AndroidManifest.xml:74:13-33
	android:name
		ADDED from src\main\AndroidManifest.xml:73:13-52
activity#com.baidu.mobstat.demo.DemoActivity1
ADDED from src\main\AndroidManifest.xml:76:9-85:20
	android:label
		ADDED from src\main\AndroidManifest.xml:78:13-45
	android:launchMode
		ADDED from src\main\AndroidManifest.xml:79:13-48
	android:name
		ADDED from src\main\AndroidManifest.xml:77:13-64
intent-filter#android.intent.action.MAIN+android.intent.category.LAUNCHER
ADDED from src\main\AndroidManifest.xml:80:13-84:29
action#android.intent.action.MAIN
ADDED from src\main\AndroidManifest.xml:81:17-69
	android:name
		ADDED from src\main\AndroidManifest.xml:81:25-66
category#android.intent.category.LAUNCHER
ADDED from src\main\AndroidManifest.xml:83:17-77
	android:name
		ADDED from src\main\AndroidManifest.xml:83:27-74
activity#com.baidu.mobstat.demo.AnotherDemoActivity1
ADDED from src\main\AndroidManifest.xml:86:9-89:50
	android:process
		ADDED from src\main\AndroidManifest.xml:89:13-47
	android:label
		ADDED from src\main\AndroidManifest.xml:88:13-53
	android:name
		ADDED from src\main\AndroidManifest.xml:87:13-71
activity#com.baidu.mobstat.demo.DemoActivity2
ADDED from src\main\AndroidManifest.xml:90:9-93:51
	android:label
		ADDED from src\main\AndroidManifest.xml:92:13-38
	android:launchMode
		ADDED from src\main\AndroidManifest.xml:93:13-48
	android:name
		ADDED from src\main\AndroidManifest.xml:91:13-64
activity#com.baidu.mobstat.demo.DemoActivity3
ADDED from src\main\AndroidManifest.xml:94:9-97:51
	android:label
		ADDED from src\main\AndroidManifest.xml:96:13-38
	android:launchMode
		ADDED from src\main\AndroidManifest.xml:97:13-48
	android:name
		ADDED from src\main\AndroidManifest.xml:95:13-64
activity#com.baidu.mobstat.demo.DemoActivity4
ADDED from src\main\AndroidManifest.xml:98:9-101:51
	android:label
		ADDED from src\main\AndroidManifest.xml:100:13-38
	android:launchMode
		ADDED from src\main\AndroidManifest.xml:101:13-48
	android:name
		ADDED from src\main\AndroidManifest.xml:99:13-64
activity#com.baidu.mobstat.demo.WebViewActivity
ADDED from src\main\AndroidManifest.xml:102:9-105:51
	android:label
		ADDED from src\main\AndroidManifest.xml:104:13-36
	android:launchMode
		ADDED from src\main\AndroidManifest.xml:105:13-48
	android:name
		ADDED from src\main\AndroidManifest.xml:103:13-66
activity#com.baidu.mobstat.demo.DemoDialogActivity
ADDED from src\main\AndroidManifest.xml:106:9-110:59
	android:label
		ADDED from src\main\AndroidManifest.xml:108:13-47
	android:launchMode
		ADDED from src\main\AndroidManifest.xml:109:13-48
	android:theme
		ADDED from src\main\AndroidManifest.xml:110:13-56
	android:name
		ADDED from src\main\AndroidManifest.xml:107:13-69
activity#com.baidu.mobstat.demo.supportv4fragment.MainFragmentActivity
ADDED from src\main\AndroidManifest.xml:111:9-114:51
	android:label
		ADDED from src\main\AndroidManifest.xml:113:13-45
	android:launchMode
		ADDED from src\main\AndroidManifest.xml:114:13-48
	android:name
		ADDED from src\main\AndroidManifest.xml:112:13-89
activity#com.baidu.mobstat.demo.appfragment.AppFragmentDemoActivity
ADDED from src\main\AndroidManifest.xml:115:9-118:51
	android:label
		ADDED from src\main\AndroidManifest.xml:117:13-45
	android:launchMode
		ADDED from src\main\AndroidManifest.xml:118:13-48
	android:name
		ADDED from src\main\AndroidManifest.xml:116:13-86